c:\users\nilss\desktop\enginedx11\engine\engine\x64\debug\vc141.pdb
c:\users\nilss\desktop\enginedx11\engine\engine\x64\debug\vc141.idb
c:\users\nilss\desktop\enginedx11\engine\engine\x64\debug\framework.obj
c:\users\nilss\desktop\enginedx11\engine\engine\x64\debug\shadermanager.obj
c:\users\nilss\desktop\enginedx11\engine\engine\x64\debug\lightmanager.obj
c:\users\nilss\desktop\enginedx11\engine\engine\x64\debug\input.obj
c:\users\nilss\desktop\enginedx11\engine\engine\x64\debug\uvscrollcomponent.obj
c:\users\nilss\desktop\enginedx11\engine\engine\x64\debug\modelcomponent.obj
c:\users\nilss\desktop\enginedx11\engine\engine\x64\debug\lightpointcomponent.obj
c:\users\nilss\desktop\enginedx11\engine\engine\x64\debug\lightdirectioncomponent.obj
c:\users\nilss\desktop\enginedx11\engine\engine\x64\debug\renderer.obj
c:\users\nilss\desktop\enginedx11\engine\engine\x64\debug\mesh.obj
c:\users\nilss\desktop\enginedx11\engine\engine\x64\debug\window.obj
c:\users\nilss\desktop\enginedx11\engine\engine\x64\debug\world.obj
c:\users\nilss\desktop\enginedx11\engine\engine\x64\debug\icomponent.obj
c:\users\nilss\desktop\enginedx11\engine\engine\x64\debug\quadshader.obj
c:\users\nilss\desktop\enginedx11\engine\engine\x64\debug\depthshader.obj
c:\users\nilss\desktop\enginedx11\engine\engine\x64\debug\deferredshader.obj
c:\users\nilss\desktop\enginedx11\engine\engine\x64\debug\cameracomponent.obj
c:\users\nilss\desktop\enginedx11\engine\engine\x64\debug\cameramanager.obj
c:\users\nilss\desktop\enginedx11\engine\engine\x64\debug\entity.obj
c:\users\nilss\desktop\enginedx11\engine\engine\x64\debug\particleshader.obj
c:\users\nilss\desktop\enginedx11\engine\engine\x64\debug\quadcomponent.obj
c:\users\nilss\desktop\enginedx11\engine\engine\x64\debug\particlesystemcomponent.obj
c:\users\nilss\desktop\enginedx11\engine\engine\x64\debug\imguishader.obj
c:\users\nilss\desktop\enginedx11\engine\engine\x64\debug\forwardalphashader.obj
c:\users\nilss\desktop\enginedx11\engine\engine\x64\debug\transformcomponent.obj
c:\users\nilss\desktop\particleeditor\engine\engine\x64\debug\vc141.pdb
c:\users\nilss\desktop\particleeditor\engine\engine\x64\debug\vc141.idb
c:\users\nilss\desktop\particleeditor\engine\engine\x64\debug\gamepad.obj
c:\users\nilss\desktop\particleeditor\engine\engine\x64\debug\imgui_draw.obj
c:\users\nilss\desktop\particleeditor\engine\engine\x64\debug\imgui_demo.obj
c:\users\nilss\desktop\particleeditor\engine\engine\x64\debug\imgui.obj
c:\users\nilss\desktop\particleeditor\engine\engine\x64\debug\framework.obj
c:\users\nilss\desktop\particleeditor\engine\engine\x64\debug\ddstextureloader.obj
c:\users\nilss\desktop\particleeditor\engine\engine\x64\debug\color32.obj
c:\users\nilss\desktop\particleeditor\engine\engine\x64\debug\uvscrollcomponent.obj
c:\users\nilss\desktop\particleeditor\engine\engine\x64\debug\transformcomponent.obj
c:\users\nilss\desktop\particleeditor\engine\engine\x64\debug\rotationcomponent.obj
c:\users\nilss\desktop\particleeditor\engine\engine\x64\debug\quadcomponent.obj
c:\users\nilss\desktop\particleeditor\engine\engine\x64\debug\particlesystemcomponent.obj
c:\users\nilss\desktop\particleeditor\engine\engine\x64\debug\modelcomponent.obj
c:\users\nilss\desktop\particleeditor\engine\engine\x64\debug\lightpointcomponent.obj
c:\users\nilss\desktop\particleeditor\engine\engine\x64\debug\lightdirectioncomponent.obj
c:\users\nilss\desktop\particleeditor\engine\engine\x64\debug\freemovecomponent.obj
c:\users\nilss\desktop\particleeditor\engine\engine\x64\debug\cameracomponent.obj
c:\users\nilss\desktop\particleeditor\engine\engine\x64\debug\world.obj
c:\users\nilss\desktop\particleeditor\engine\engine\x64\debug\icomponent.obj
c:\users\nilss\desktop\particleeditor\engine\engine\x64\debug\entity.obj
c:\users\nilss\desktop\particleeditor\engine\engine\x64\debug\dxinputlayouts.obj
c:\users\nilss\desktop\particleeditor\engine\engine\x64\debug\dxdepthstencilstates.obj
c:\users\nilss\desktop\particleeditor\engine\engine\x64\debug\dxblendstates.obj
c:\users\nilss\desktop\particleeditor\engine\engine\x64\debug\quadshader.obj
c:\users\nilss\desktop\particleeditor\engine\engine\x64\debug\particleshader.obj
c:\users\nilss\desktop\particleeditor\engine\engine\x64\debug\imguishader.obj
c:\users\nilss\desktop\particleeditor\engine\engine\x64\debug\forwardalphashader.obj
c:\users\nilss\desktop\particleeditor\engine\engine\x64\debug\depthshader.obj
c:\users\nilss\desktop\particleeditor\engine\engine\x64\debug\deferredshader.obj
c:\users\nilss\desktop\particleeditor\engine\engine\x64\debug\rendertotexture.obj
c:\users\nilss\desktop\particleeditor\engine\engine\x64\debug\renderer.obj
c:\users\nilss\desktop\particleeditor\engine\engine\x64\debug\skybox.obj
c:\users\nilss\desktop\particleeditor\engine\engine\x64\debug\mesh.obj
c:\users\nilss\desktop\particleeditor\engine\engine\x64\debug\screenquad.obj
c:\users\nilss\desktop\particleeditor\engine\engine\x64\debug\gbuffer.obj
c:\users\nilss\desktop\particleeditor\engine\engine\x64\debug\lightmanager.obj
c:\users\nilss\desktop\particleeditor\engine\engine\x64\debug\guimanager.obj
c:\users\nilss\desktop\particleeditor\engine\engine\x64\debug\dxmanager.obj
c:\users\nilss\desktop\particleeditor\engine\engine\x64\debug\cameramanager.obj
c:\users\nilss\desktop\particleeditor\engine\engine\x64\debug\input.obj
c:\users\nilss\desktop\particleeditor\engine\engine\x64\debug\main.obj
c:\users\nilss\desktop\particleeditor\engine\engine\x64\debug\window.obj
c:\users\nilss\desktop\particleeditor\engine\engine\x64\debug\time.obj
c:\users\nilss\desktop\particleeditor\engine\engine\x64\debug\texturepool.obj
c:\users\nilss\desktop\particleeditor\engine\engine\x64\debug\debugstats.obj
c:\users\nilss\desktop\particleeditor\engine\engine\x64\debug\hardwareproperties.obj
c:\users\nilss\desktop\particleeditor\engine\engine\x64\debug\dxsamplerstates.obj
c:\users\nilss\desktop\particleeditor\engine\engine\x64\debug\dxrasterizerstates.obj
c:\users\nilss\desktop\particleeditor\engine\engine\x64\debug\particleeditor.obj
c:\users\nilss\desktop\particleeditor\engine\engine\x64\debug\wireframeshader.obj
c:\users\nilss\desktop\particleeditor\engine\engine\x64\debug\systems.obj
c:\users\nilss\desktop\particleeditor\engine\engine\x64\debug\skydome.obj
c:\users\nilss\desktop\particleeditor\engine\engine\x64\debug\reflectionmapshader.obj
c:\users\nilss\desktop\particleeditor\engine\engine\x64\debug\postprocessingshader.obj
c:\users\nilss\desktop\particleeditor\engine\engine\x64\debug\planarreflectionshader.obj
c:\users\nilss\desktop\enginedx11\engine\engine\engine.ipdb
c:\users\nilss\desktop\enginedx11\engine\engine\engine.iobj
c:\users\nilss\desktop\particleeditor\engine\engine\engine.ipdb
c:\users\nilss\desktop\particleeditor\engine\engine\engine.iobj
c:\users\nilss\desktop\enginedx11\engine\engine\engine.exe
c:\users\nilss\desktop\enginedx11\engine\engine\engine.ilk
c:\users\nilss\desktop\enginedx11\engine\engine\engine.pdb
c:\users\nilss\desktop\particleeditor\engine\engine\engine.ilk
c:\users\nilss\desktop\particleeditor\engine\engine\engine.exe
c:\users\nilss\desktop\particleeditor\engine\engine\engine.pdb
c:\users\nilss\desktop\particleeditor\engine\engine\x64\debug\engine.tlog\cl.command.1.tlog
c:\users\nilss\desktop\particleeditor\engine\engine\x64\debug\engine.tlog\cl.read.1.tlog
c:\users\nilss\desktop\particleeditor\engine\engine\x64\debug\engine.tlog\cl.write.1.tlog
c:\users\nilss\desktop\particleeditor\engine\engine\x64\debug\engine.tlog\engine.write.1u.tlog
c:\users\nilss\desktop\particleeditor\engine\engine\x64\debug\engine.tlog\link-cvtres.read.1.tlog
c:\users\nilss\desktop\particleeditor\engine\engine\x64\debug\engine.tlog\link-cvtres.write.1.tlog
c:\users\nilss\desktop\particleeditor\engine\engine\x64\debug\engine.tlog\link-rc.read.1.tlog
c:\users\nilss\desktop\particleeditor\engine\engine\x64\debug\engine.tlog\link-rc.write.1.tlog
c:\users\nilss\desktop\particleeditor\engine\engine\x64\debug\engine.tlog\link.command.1.tlog
c:\users\nilss\desktop\particleeditor\engine\engine\x64\debug\engine.tlog\link.delete.1.tlog
c:\users\nilss\desktop\particleeditor\engine\engine\x64\debug\engine.tlog\link.read.1.tlog
c:\users\nilss\desktop\particleeditor\engine\engine\x64\debug\engine.tlog\link.write.1.tlog
