C:\Program Files (x86)\Microsoft Visual Studio\2017\Community\Common7\IDE\VC\VCTargets\Microsoft.CppBuild.targets(377,5): warning MSB8004: Output Directory does not end with a trailing slash.  This build instance will add the slash as it is required to allow proper evaluation of the Output Directory.
  Framework.cpp
  c:\program files (x86)\windows kits\10\include\10.0.17134.0\um\dinput.h: DIRECTINPUT_VERSION undefined. Defaulting to version 0x0800
c:\users\nilss\desktop\enginedx11\particleeditor\particleeditor\code\system\framework.cpp(46): warning C4244: 'argument': conversion from 'const float' to 'int', possible loss of data
c:\users\nilss\desktop\enginedx11\particleeditor\particleeditor\code\system\framework.cpp(49): warning C4244: 'argument': conversion from 'const float' to 'int', possible loss of data
c:\users\nilss\desktop\enginedx11\particleeditor\particleeditor\code\system\framework.cpp(118): warning C4018: '<': signed/unsigned mismatch
c:\users\nilss\desktop\enginedx11\particleeditor\particleeditor\code\system\framework.cpp(188): warning C4305: 'argument': truncation from 'double' to 'float'
c:\users\nilss\desktop\enginedx11\particleeditor\particleeditor\code\system\framework.cpp(196): warning C4305: 'argument': truncation from 'double' to 'float'
c:\users\nilss\desktop\enginedx11\particleeditor\particleeditor\code\system\framework.cpp(204): warning C4305: 'argument': truncation from 'double' to 'float'
c:\users\nilss\desktop\enginedx11\particleeditor\particleeditor\code\system\framework.cpp(212): warning C4305: 'argument': truncation from 'double' to 'float'
c:\users\nilss\desktop\enginedx11\particleeditor\particleeditor\code\system\framework.cpp(220): warning C4305: 'argument': truncation from 'double' to 'float'
c:\users\nilss\desktop\enginedx11\particleeditor\particleeditor\code\system\framework.cpp(228): warning C4305: 'argument': truncation from 'double' to 'float'
c:\users\nilss\desktop\enginedx11\particleeditor\particleeditor\code\system\framework.cpp(236): warning C4305: 'argument': truncation from 'double' to 'float'
c:\users\nilss\desktop\enginedx11\particleeditor\particleeditor\code\system\framework.cpp(244): warning C4305: 'argument': truncation from 'double' to 'float'
c:\users\nilss\desktop\enginedx11\particleeditor\particleeditor\code\system\framework.cpp(252): warning C4305: 'argument': truncation from 'double' to 'float'
c:\users\nilss\desktop\enginedx11\particleeditor\particleeditor\code\system\framework.cpp(260): warning C4305: 'argument': truncation from 'double' to 'float'
c:\users\nilss\desktop\enginedx11\particleeditor\particleeditor\code\system\framework.cpp(268): warning C4305: 'argument': truncation from 'double' to 'float'
c:\users\nilss\desktop\enginedx11\particleeditor\particleeditor\code\system\framework.cpp(276): warning C4305: 'argument': truncation from 'double' to 'float'
c:\users\nilss\desktop\enginedx11\particleeditor\particleeditor\code\system\framework.cpp(284): warning C4305: 'argument': truncation from 'double' to 'float'
c:\users\nilss\desktop\enginedx11\particleeditor\particleeditor\code\system\framework.cpp(292): warning C4305: 'argument': truncation from 'double' to 'float'
c:\users\nilss\desktop\enginedx11\particleeditor\particleeditor\code\system\framework.cpp(300): warning C4305: 'argument': truncation from 'double' to 'float'
c:\users\nilss\desktop\enginedx11\particleeditor\particleeditor\code\system\framework.cpp(308): warning C4305: 'argument': truncation from 'double' to 'float'
c:\users\nilss\desktop\enginedx11\particleeditor\particleeditor\code\system\framework.cpp(316): warning C4305: 'argument': truncation from 'double' to 'float'
c:\users\nilss\desktop\enginedx11\particleeditor\particleeditor\code\system\framework.cpp(324): warning C4305: 'argument': truncation from 'double' to 'float'
c:\users\nilss\desktop\enginedx11\particleeditor\particleeditor\code\system\framework.cpp(332): warning C4305: 'argument': truncation from 'double' to 'float'
c:\users\nilss\desktop\enginedx11\particleeditor\particleeditor\code\system\framework.cpp(340): warning C4305: 'argument': truncation from 'double' to 'float'
c:\users\nilss\desktop\enginedx11\particleeditor\particleeditor\code\system\framework.cpp(348): warning C4305: 'argument': truncation from 'double' to 'float'
c:\users\nilss\desktop\enginedx11\particleeditor\particleeditor\code\system\framework.cpp(356): warning C4305: 'argument': truncation from 'double' to 'float'
c:\users\nilss\desktop\enginedx11\particleeditor\particleeditor\code\system\framework.cpp(364): warning C4305: 'argument': truncation from 'double' to 'float'
c:\users\nilss\desktop\enginedx11\particleeditor\particleeditor\code\system\framework.cpp(372): warning C4305: 'argument': truncation from 'double' to 'float'
c:\users\nilss\desktop\enginedx11\particleeditor\particleeditor\code\system\framework.cpp(379): warning C4305: 'argument': truncation from 'double' to 'float'
c:\users\nilss\desktop\enginedx11\particleeditor\particleeditor\code\system\framework.cpp(385): warning C4305: 'argument': truncation from 'double' to 'float'
c:\users\nilss\desktop\enginedx11\particleeditor\particleeditor\code\system\framework.cpp(391): warning C4305: 'argument': truncation from 'double' to 'float'
c:\users\nilss\desktop\enginedx11\particleeditor\particleeditor\code\system\framework.cpp(397): warning C4305: 'argument': truncation from 'double' to 'float'
c:\users\nilss\desktop\enginedx11\particleeditor\particleeditor\code\system\framework.cpp(404): warning C4305: 'argument': truncation from 'double' to 'float'
c:\users\nilss\desktop\enginedx11\particleeditor\particleeditor\code\system\framework.cpp(495): warning C4305: 'argument': truncation from 'double' to 'float'
c:\users\nilss\desktop\enginedx11\particleeditor\particleeditor\code\system\framework.cpp(559): warning C4018: '<': signed/unsigned mismatch
c:\users\nilss\desktop\enginedx11\particleeditor\particleeditor\code\system\framework.cpp(612): warning C4305: 'argument': truncation from 'double' to 'float'
c:\users\nilss\desktop\enginedx11\particleeditor\particleeditor\code\system\framework.cpp(614): warning C4305: 'argument': truncation from 'double' to 'float'
c:\users\nilss\desktop\enginedx11\particleeditor\particleeditor\code\system\framework.cpp(618): warning C4305: 'argument': truncation from 'double' to 'float'
c:\users\nilss\desktop\enginedx11\particleeditor\particleeditor\code\system\framework.cpp(620): warning C4305: 'argument': truncation from 'double' to 'float'
c:\users\nilss\desktop\enginedx11\particleeditor\particleeditor\code\system\framework.cpp(624): warning C4305: 'argument': truncation from 'double' to 'float'
c:\users\nilss\desktop\enginedx11\particleeditor\particleeditor\code\system\framework.cpp(671): warning C4018: '<': signed/unsigned mismatch
c:\users\nilss\desktop\enginedx11\particleeditor\particleeditor\code\system\framework.cpp(694): warning C4018: '<': signed/unsigned mismatch
  ParticleEditor.vcxproj -> C:\Users\nilss\Desktop\EngineDx11\ParticleEditor\ParticleEditor\ParticleEditor.exe
