c:\users\nilss\desktop\enginedx11\particleeditor\particleeditor\x64\debug\vc141.pdb
c:\users\nilss\desktop\enginedx11\particleeditor\particleeditor\x64\debug\vc141.idb
c:\users\nilss\desktop\enginedx11\particleeditor\particleeditor\x64\debug\cameramanager.obj
c:\users\nilss\desktop\enginedx11\particleeditor\particleeditor\x64\debug\input.obj
c:\users\nilss\desktop\enginedx11\particleeditor\particleeditor\x64\debug\gamepad.obj
c:\users\nilss\desktop\enginedx11\particleeditor\particleeditor\x64\debug\imgui_draw.obj
c:\users\nilss\desktop\enginedx11\particleeditor\particleeditor\x64\debug\imgui_demo.obj
c:\users\nilss\desktop\enginedx11\particleeditor\particleeditor\x64\debug\imgui.obj
c:\users\nilss\desktop\enginedx11\particleeditor\particleeditor\x64\debug\ddstextureloader.obj
c:\users\nilss\desktop\enginedx11\particleeditor\particleeditor\x64\debug\uvscrollcomponent.obj
c:\users\nilss\desktop\enginedx11\particleeditor\particleeditor\x64\debug\transformcomponent.obj
c:\users\nilss\desktop\enginedx11\particleeditor\particleeditor\x64\debug\transformationcomponent.obj
c:\users\nilss\desktop\enginedx11\particleeditor\particleeditor\x64\debug\quadcomponent.obj
c:\users\nilss\desktop\enginedx11\particleeditor\particleeditor\x64\debug\particleemittercomponent.obj
c:\users\nilss\desktop\enginedx11\particleeditor\particleeditor\x64\debug\modelcomponent.obj
c:\users\nilss\desktop\enginedx11\particleeditor\particleeditor\x64\debug\lightpointcomponent.obj
c:\users\nilss\desktop\enginedx11\particleeditor\particleeditor\x64\debug\lightdirectioncomponent.obj
c:\users\nilss\desktop\enginedx11\particleeditor\particleeditor\x64\debug\freemovecomponent.obj
c:\users\nilss\desktop\enginedx11\particleeditor\particleeditor\x64\debug\cameracomponent.obj
c:\users\nilss\desktop\enginedx11\particleeditor\particleeditor\x64\debug\world.obj
c:\users\nilss\desktop\enginedx11\particleeditor\particleeditor\x64\debug\icomponent.obj
c:\users\nilss\desktop\enginedx11\particleeditor\particleeditor\x64\debug\entity.obj
c:\users\nilss\desktop\enginedx11\particleeditor\particleeditor\x64\debug\main.obj
c:\users\nilss\desktop\enginedx11\particleeditor\particleeditor\x64\debug\time.obj
c:\users\nilss\desktop\enginedx11\particleeditor\particleeditor\x64\debug\texturepool.obj
c:\users\nilss\desktop\enginedx11\particleeditor\particleeditor\x64\debug\debugstats.obj
c:\users\nilss\desktop\enginedx11\particleeditor\particleeditor\x64\debug\framework.obj
c:\users\nilss\desktop\enginedx11\particleeditor\particleeditor\x64\debug\dxmanager.obj
c:\users\nilss\desktop\enginedx11\particleeditor\particleeditor\x64\debug\skybox.obj
c:\users\nilss\desktop\enginedx11\particleeditor\particleeditor\x64\debug\shadermanager.obj
c:\users\nilss\desktop\enginedx11\particleeditor\particleeditor\x64\debug\rendertotexture.obj
c:\users\nilss\desktop\enginedx11\particleeditor\particleeditor\x64\debug\renderer.obj
c:\users\nilss\desktop\enginedx11\particleeditor\particleeditor\x64\debug\mesh.obj
c:\users\nilss\desktop\enginedx11\particleeditor\particleeditor\x64\debug\lightmanager.obj
c:\users\nilss\desktop\enginedx11\particleeditor\particleeditor\x64\debug\guimanager.obj
c:\users\nilss\desktop\enginedx11\particleeditor\particleeditor\particleeditor.ilk
c:\users\nilss\desktop\enginedx11\particleeditor\particleeditor\particleeditor.exe
c:\users\nilss\desktop\enginedx11\particleeditor\particleeditor\particleeditor.pdb
c:\users\nilss\desktop\enginedx11\particleeditor\particleeditor\x64\debug\particleeditor.tlog\cl.command.1.tlog
c:\users\nilss\desktop\enginedx11\particleeditor\particleeditor\x64\debug\particleeditor.tlog\cl.read.1.tlog
c:\users\nilss\desktop\enginedx11\particleeditor\particleeditor\x64\debug\particleeditor.tlog\cl.write.1.tlog
c:\users\nilss\desktop\enginedx11\particleeditor\particleeditor\x64\debug\particleeditor.tlog\link.command.1.tlog
c:\users\nilss\desktop\enginedx11\particleeditor\particleeditor\x64\debug\particleeditor.tlog\link.read.1.tlog
c:\users\nilss\desktop\enginedx11\particleeditor\particleeditor\x64\debug\particleeditor.tlog\link.write.1.tlog
