c:\users\nilss\desktop\enginedx11\engine\engine\x64\release\vc141.pdb
c:\users\nilss\desktop\enginedx11\engine\engine\x64\release\framework.obj
c:\users\nilss\desktop\enginedx11\engine\engine\x64\release\skydomewindow.obj
c:\users\nilss\desktop\enginedx11\engine\engine\x64\release\mastereditor.obj
c:\users\nilss\desktop\enginedx11\engine\engine\x64\release\maineditorwindow.obj
c:\users\nilss\desktop\enginedx11\engine\engine\x64\release\ieditorwindow.obj
c:\users\nilss\desktop\enginedx11\engine\engine\x64\release\ddstextureloader.obj
c:\users\nilss\desktop\enginedx11\engine\engine\x64\release\color32.obj
c:\users\nilss\desktop\enginedx11\engine\engine\x64\release\uvscrollcomponent.obj
c:\users\nilss\desktop\enginedx11\engine\engine\x64\release\transformcomponent.obj
c:\users\nilss\desktop\enginedx11\engine\engine\x64\release\rotationcomponent.obj
c:\users\nilss\desktop\enginedx11\engine\engine\x64\release\quadcomponent.obj
c:\users\nilss\desktop\enginedx11\engine\engine\x64\release\particlesystemcomponent.obj
c:\users\nilss\desktop\enginedx11\engine\engine\x64\release\modelcomponent.obj
c:\users\nilss\desktop\enginedx11\engine\engine\x64\release\lightpointcomponent.obj
c:\users\nilss\desktop\enginedx11\engine\engine\x64\release\lightdirectioncomponent.obj
c:\users\nilss\desktop\enginedx11\engine\engine\x64\release\freemovecomponent.obj
c:\users\nilss\desktop\enginedx11\engine\engine\x64\release\cameracomponent.obj
c:\users\nilss\desktop\enginedx11\engine\engine\x64\release\world.obj
c:\users\nilss\desktop\enginedx11\engine\engine\x64\release\icomponent.obj
c:\users\nilss\desktop\enginedx11\engine\engine\x64\release\entity.obj
c:\users\nilss\desktop\enginedx11\engine\engine\x64\release\imguishader.obj
c:\users\nilss\desktop\enginedx11\engine\engine\x64\release\postprocessingshader.obj
c:\users\nilss\desktop\enginedx11\engine\engine\x64\release\forwardalphashader.obj
c:\users\nilss\desktop\enginedx11\engine\engine\x64\release\depthshader.obj
c:\users\nilss\desktop\enginedx11\engine\engine\x64\release\deferredshader.obj
c:\users\nilss\desktop\enginedx11\engine\engine\x64\release\rendertotexture.obj
c:\users\nilss\desktop\enginedx11\engine\engine\x64\release\renderer.obj
c:\users\nilss\desktop\enginedx11\engine\engine\x64\release\skydome.obj
c:\users\nilss\desktop\enginedx11\engine\engine\x64\release\mesh.obj
c:\users\nilss\desktop\enginedx11\engine\engine\x64\release\screenquad.obj
c:\users\nilss\desktop\enginedx11\engine\engine\x64\release\gbuffer.obj
c:\users\nilss\desktop\enginedx11\engine\engine\x64\release\lightmanager.obj
c:\users\nilss\desktop\enginedx11\engine\engine\x64\release\guimanager.obj
c:\users\nilss\desktop\enginedx11\engine\engine\x64\release\dxmanager.obj
c:\users\nilss\desktop\enginedx11\engine\engine\x64\release\cameramanager.obj
c:\users\nilss\desktop\enginedx11\engine\engine\x64\release\input.obj
c:\users\nilss\desktop\enginedx11\engine\engine\x64\release\gamepad.obj
c:\users\nilss\desktop\enginedx11\engine\engine\x64\release\imgui_draw.obj
c:\users\nilss\desktop\enginedx11\engine\engine\x64\release\imgui_demo.obj
c:\users\nilss\desktop\enginedx11\engine\engine\x64\release\imgui.obj
c:\users\nilss\desktop\enginedx11\engine\engine\x64\release\main.obj
c:\users\nilss\desktop\enginedx11\engine\engine\x64\release\window.obj
c:\users\nilss\desktop\enginedx11\engine\engine\x64\release\time.obj
c:\users\nilss\desktop\enginedx11\engine\engine\x64\release\texturepool.obj
c:\users\nilss\desktop\enginedx11\engine\engine\x64\release\sponzatestscene.obj
c:\users\nilss\desktop\enginedx11\engine\engine\x64\release\islandtestscene.obj
c:\users\nilss\desktop\enginedx11\engine\engine\x64\release\systems.obj
c:\users\nilss\desktop\enginedx11\engine\engine\x64\release\hardwareproperties.obj
c:\users\nilss\desktop\enginedx11\engine\engine\x64\release\dxsamplerstates.obj
c:\users\nilss\desktop\enginedx11\engine\engine\x64\release\dxrasterizerstates.obj
c:\users\nilss\desktop\enginedx11\engine\engine\x64\release\dxinputlayouts.obj
c:\users\nilss\desktop\enginedx11\engine\engine\x64\release\dxdepthstencilstates.obj
c:\users\nilss\desktop\enginedx11\engine\engine\x64\release\dxblendstates.obj
c:\users\nilss\desktop\enginedx11\engine\engine\x64\release\wireframeshader.obj
c:\users\nilss\desktop\enginedx11\engine\engine\x64\release\watershader.obj
c:\users\nilss\desktop\enginedx11\engine\engine\x64\release\simpleclipsceneshader.obj
c:\users\nilss\desktop\enginedx11\engine\engine\x64\release\quadshader.obj
c:\users\nilss\desktop\enginedx11\engine\engine\x64\release\planarreflectionshader.obj
c:\users\nilss\desktop\enginedx11\engine\engine\x64\release\particleshader.obj
c:\users\nilss\desktop\enginedx11\engine\engine\x64\release\postprocesswindow.obj
c:\users\nilss\desktop\enginedx11\engine\engine\x64\release\systemdefs.obj
c:\users\nilss\desktop\enginedx11\engine\engine\x64\release\systemsettingswindow.obj
c:\users\nilss\desktop\enginedx11\engine\engine\engine.ipdb
c:\users\nilss\desktop\enginedx11\engine\engine\engine.iobj
c:\users\nilss\desktop\enginedx11\engine\engine\x64\release\debugstats.obj
c:\users\nilss\desktop\enginedx11\engine\engine\x64\release\particleemittercomponent.obj
c:\users\nilss\desktop\enginedx11\engine\engine\x64\release\reflectionmapshader.obj
c:\users\nilss\desktop\enginedx11\engine\engine\x64\release\shadermanager.obj
c:\users\nilss\desktop\enginedx11\engine\engine\x64\release\skybox.obj
c:\users\nilss\desktop\enginedx11\engine\engine\x64\release\transformationcomponent.obj
c:\users\nilss\desktop\enginedx11\engine\engine\engine.pdb
c:\users\nilss\desktop\enginedx11\engine\engine\x64\release\engine.tlog\cl.command.1.tlog
c:\users\nilss\desktop\enginedx11\engine\engine\x64\release\engine.tlog\cl.read.1.tlog
c:\users\nilss\desktop\enginedx11\engine\engine\x64\release\engine.tlog\cl.write.1.tlog
c:\users\nilss\desktop\enginedx11\engine\engine\x64\release\engine.tlog\engine.write.1u.tlog
c:\users\nilss\desktop\enginedx11\engine\engine\x64\release\engine.tlog\link.command.1.tlog
c:\users\nilss\desktop\enginedx11\engine\engine\x64\release\engine.tlog\link.read.1.tlog
c:\users\nilss\desktop\enginedx11\engine\engine\x64\release\engine.tlog\link.write.1.tlog
