C:\Program Files (x86)\Microsoft Visual Studio\2017\Community\Common7\IDE\VC\VCTargets\Microsoft.CppBuild.targets(373,5): warning MSB8004: Output Directory does not end with a trailing slash.  This build instance will add the slash as it is required to allow proper evaluation of the Output Directory.
  Entity.cpp
Code\ComponentSystem\Entity.cpp(19): warning C4018: '<': signed/unsigned mismatch
Code\ComponentSystem\Entity.cpp(41): warning C4018: '<': signed/unsigned mismatch
  IComponent.cpp
  World.cpp
Code\ComponentSystem\World.cpp(32): warning C4018: '<': signed/unsigned mismatch
Code\ComponentSystem\World.cpp(69): warning C4018: '<': signed/unsigned mismatch
Code\ComponentSystem\World.cpp(85): warning C4018: '<': signed/unsigned mismatch
Code\ComponentSystem\World.cpp(104): warning C4018: '<': signed/unsigned mismatch
Code\ComponentSystem\World.cpp(115): warning C4018: '<': signed/unsigned mismatch
Code\ComponentSystem\World.cpp(127): warning C4018: '<': signed/unsigned mismatch
Code\ComponentSystem\World.cpp(134): warning C4018: '<': signed/unsigned mismatch
  CameraComponent.cpp
c:\users\nilss\desktop\enginedx11\engine\engine\code\componentsystem\Entity.h(36): warning C4018: '<': signed/unsigned mismatch
  C:\Users\nilss\Desktop\EngineDx11\Engine\Engine\Code\ComponentSystem\IComponent.h(17): note: see reference to function template instantiation 'T *Entity::GetComponent<T>(void)' being compiled
          with
          [
              T=TransformComponent
          ]
  Code\Components\CameraComponent.cpp(14): note: see reference to function template instantiation 'T *IComponent::GetComponent<TransformComponent>(void)' being compiled
          with
          [
              T=TransformComponent
          ]
  FreeMoveComponent.cpp
  C:\Program Files (x86)\Windows Kits\10\Include\10.0.15063.0\um\dinput.h: DIRECTINPUT_VERSION undefined. Defaulting to version 0x0800
c:\users\nilss\desktop\enginedx11\engine\engine\code\componentsystem\Entity.h(36): warning C4018: '<': signed/unsigned mismatch
  C:\Users\nilss\Desktop\EngineDx11\Engine\Engine\Code\ComponentSystem\IComponent.h(17): note: see reference to function template instantiation 'T *Entity::GetComponent<T>(void)' being compiled
          with
          [
              T=TransformComponent
          ]
  Code\Components\FreeMoveComponent.cpp(25): note: see reference to function template instantiation 'T *IComponent::GetComponent<TransformComponent>(void)' being compiled
          with
          [
              T=TransformComponent
          ]
  LightDirectionComponent.cpp
c:\users\nilss\desktop\enginedx11\engine\engine\code\componentsystem\Entity.h(36): warning C4018: '<': signed/unsigned mismatch
  C:\Users\nilss\Desktop\EngineDx11\Engine\Engine\Code\ComponentSystem\IComponent.h(17): note: see reference to function template instantiation 'T *Entity::GetComponent<T>(void)' being compiled
          with
          [
              T=TransformComponent
          ]
  Code\Components\LightDirectionComponent.cpp(20): note: see reference to function template instantiation 'T *IComponent::GetComponent<TransformComponent>(void)' being compiled
          with
          [
              T=TransformComponent
          ]
  LightPointComponent.cpp
  ModelComponent.cpp
  ParticleEmitterComponent.cpp
Code\Components\ParticleEmitterComponent.cpp(48): warning C4018: '<': signed/unsigned mismatch
Code\Components\ParticleEmitterComponent.cpp(67): warning C4018: '<': signed/unsigned mismatch
Code\Components\ParticleEmitterComponent.cpp(85): warning C4018: '<': signed/unsigned mismatch
Code\Components\ParticleEmitterComponent.cpp(96): warning C4018: '<': signed/unsigned mismatch
Code\Components\ParticleEmitterComponent.cpp(122): warning C4018: '<': signed/unsigned mismatch
Code\Components\ParticleEmitterComponent.cpp(223): warning C4018: '<': signed/unsigned mismatch
Code\Components\ParticleEmitterComponent.cpp(302): warning C4018: '<': signed/unsigned mismatch
Code\Components\ParticleEmitterComponent.cpp(314): warning C4018: '<': signed/unsigned mismatch
Code\Components\ParticleEmitterComponent.cpp(316): warning C4018: '<': signed/unsigned mismatch
Code\Components\ParticleEmitterComponent.cpp(376): warning C4018: '<': signed/unsigned mismatch
Code\Components\ParticleEmitterComponent.cpp(378): warning C4018: '<': signed/unsigned mismatch
Code\Components\ParticleEmitterComponent.cpp(400): warning C4018: '<': signed/unsigned mismatch
Code\Components\ParticleEmitterComponent.cpp(420): warning C4018: '<': signed/unsigned mismatch
Code\Components\ParticleEmitterComponent.cpp(452): warning C4018: '<': signed/unsigned mismatch
Code\Components\ParticleEmitterComponent.cpp(463): warning C4244: 'initializing': conversion from 'std::chrono::system_clock::rep' to 'unsigned int', possible loss of data
Code\Components\ParticleEmitterComponent.cpp(495): warning C4018: '<': signed/unsigned mismatch
Code\Components\ParticleEmitterComponent.cpp(499): warning C4018: '<': signed/unsigned mismatch
Code\Components\ParticleEmitterComponent.cpp(548): warning C4018: '<': signed/unsigned mismatch
Code\Components\ParticleEmitterComponent.cpp(572): warning C4018: '<': signed/unsigned mismatch
Code\Components\ParticleEmitterComponent.cpp(574): warning C4018: '<': signed/unsigned mismatch
Code\Components\ParticleEmitterComponent.cpp(662): warning C4018: '<': signed/unsigned mismatch
c:\users\nilss\desktop\enginedx11\engine\engine\code\componentsystem\Entity.h(36): warning C4018: '<': signed/unsigned mismatch
  C:\Users\nilss\Desktop\EngineDx11\Engine\Engine\Code\ComponentSystem\IComponent.h(17): note: see reference to function template instantiation 'T *Entity::GetComponent<T>(void)' being compiled
          with
          [
              T=TransformComponent
          ]
  Code\Components\ParticleEmitterComponent.cpp(65): note: see reference to function template instantiation 'T *IComponent::GetComponent<TransformComponent>(void)' being compiled
          with
          [
              T=TransformComponent
          ]
  QuadComponent.cpp
  TransformationComponent.cpp
c:\users\nilss\desktop\enginedx11\engine\engine\code\componentsystem\Entity.h(36): warning C4018: '<': signed/unsigned mismatch
  C:\Users\nilss\Desktop\EngineDx11\Engine\Engine\Code\ComponentSystem\IComponent.h(17): note: see reference to function template instantiation 'T *Entity::GetComponent<T>(void)' being compiled
          with
          [
              T=TransformComponent
          ]
  Code\Components\TransformationComponent.cpp(22): note: see reference to function template instantiation 'T *IComponent::GetComponent<TransformComponent>(void)' being compiled
          with
          [
              T=TransformComponent
          ]
  TransformComponent.cpp
  UVScrollComponent.cpp
c:\users\nilss\desktop\enginedx11\engine\engine\code\componentsystem\Entity.h(36): warning C4018: '<': signed/unsigned mismatch
  C:\Users\nilss\Desktop\EngineDx11\Engine\Engine\Code\ComponentSystem\IComponent.h(17): note: see reference to function template instantiation 'T *Entity::GetComponent<T>(void)' being compiled
          with
          [
              T=ModelComponent
          ]
  Code\Components\UVScrollComponent.cpp(23): note: see reference to function template instantiation 'T *IComponent::GetComponent<ModelComponent>(void)' being compiled
          with
          [
              T=ModelComponent
          ]
  DDSTextureLoader.cpp
  imgui.cpp
  imgui_demo.cpp
  imgui_draw.cpp
  Gamepad.cpp
Code\Input\Gamepad.cpp(102): warning C4244: '=': conversion from 'float' to 'WORD', possible loss of data
Code\Input\Gamepad.cpp(103): warning C4244: '=': conversion from 'float' to 'WORD', possible loss of data
  Input.cpp
  C:\Program Files (x86)\Windows Kits\10\Include\10.0.15063.0\um\dinput.h: DIRECTINPUT_VERSION undefined. Defaulting to version 0x0800
Code\Input\Input.cpp(143): warning C4244: '=': conversion from 'LONG' to 'float', possible loss of data
Code\Input\Input.cpp(144): warning C4244: '=': conversion from 'LONG' to 'float', possible loss of data
Code\Input\Input.cpp(199): warning C4244: 'return': conversion from 'LONG' to 'float', possible loss of data
Code\Input\Input.cpp(204): warning C4244: 'return': conversion from 'LONG' to 'float', possible loss of data
  CameraManager.cpp
  Compiling...
  GuiManager.cpp
  C:\Program Files (x86)\Windows Kits\10\Include\10.0.15063.0\um\dinput.h: DIRECTINPUT_VERSION undefined. Defaulting to version 0x0800
  LightManager.cpp
  Mesh.cpp
c:\users\nilss\desktop\enginedx11\engine\engine\code\componentsystem\Entity.h(36): warning C4018: '<': signed/unsigned mismatch
  Code\Renderer\Mesh.cpp(13): note: see reference to function template instantiation 'T *Entity::GetComponent<TransformComponent>(void)' being compiled
          with
          [
              T=TransformComponent
          ]
  Renderer.cpp
Code\Renderer\Renderer.cpp(45): warning C4244: 'argument': conversion from 'const float' to 'unsigned int', possible loss of data
Code\Renderer\Renderer.cpp(71): warning C4018: '<': signed/unsigned mismatch
Code\Renderer\Renderer.cpp(91): warning C4018: '<': signed/unsigned mismatch
Code\Renderer\Renderer.cpp(110): warning C4018: '<': signed/unsigned mismatch
Code\Renderer\Renderer.cpp(129): warning C4018: '<': signed/unsigned mismatch
Code\Renderer\Renderer.cpp(210): warning C4018: '<': signed/unsigned mismatch
Code\Renderer\Renderer.cpp(258): warning C4018: '<': signed/unsigned mismatch
c:\users\nilss\desktop\enginedx11\engine\engine\code\componentsystem\Entity.h(36): warning C4018: '<': signed/unsigned mismatch
  C:\Users\nilss\Desktop\EngineDx11\Engine\Engine\Code\ComponentSystem\IComponent.h(17): note: see reference to function template instantiation 'T *Entity::GetComponent<T>(void)' being compiled
          with
          [
              T=TransformComponent
          ]
  Code\Renderer\Renderer.cpp(257): note: see reference to function template instantiation 'T *IComponent::GetComponent<TransformComponent>(void)' being compiled
          with
          [
              T=TransformComponent
          ]
  RenderToTexture.cpp
  ShaderManager.cpp
Code\Renderer\ShaderManager.cpp(307): warning C4018: '<': signed/unsigned mismatch
Code\Renderer\ShaderManager.cpp(383): warning C4018: '<': signed/unsigned mismatch
Code\Renderer\ShaderManager.cpp(450): warning C4018: '<': signed/unsigned mismatch
Code\Renderer\ShaderManager.cpp(467): warning C4018: '<': signed/unsigned mismatch
Code\Renderer\ShaderManager.cpp(526): warning C4018: '<': signed/unsigned mismatch
Code\Renderer\ShaderManager.cpp(583): warning C4018: '<': signed/unsigned mismatch
Code\Renderer\ShaderManager.cpp(623): warning C4018: '<': signed/unsigned mismatch
Code\Renderer\ShaderManager.cpp(715): warning C4018: '<': signed/unsigned mismatch
Code\Renderer\ShaderManager.cpp(717): warning C4018: '<': signed/unsigned mismatch
c:\users\nilss\desktop\enginedx11\engine\engine\code\componentsystem\Entity.h(36): warning C4018: '<': signed/unsigned mismatch
  C:\Users\nilss\Desktop\EngineDx11\Engine\Engine\Code\ComponentSystem\IComponent.h(17): note: see reference to function template instantiation 'T *Entity::GetComponent<T>(void)' being compiled
          with
          [
              T=TransformComponent
          ]
  Code\Renderer\ShaderManager.cpp(281): note: see reference to function template instantiation 'T *IComponent::GetComponent<TransformComponent>(void)' being compiled
          with
          [
              T=TransformComponent
          ]
  SkyBox.cpp
c:\users\nilss\desktop\enginedx11\engine\engine\code\componentsystem\Entity.h(36): warning C4018: '<': signed/unsigned mismatch
  C:\Users\nilss\Desktop\EngineDx11\Engine\Engine\Code\ComponentSystem\IComponent.h(17): note: see reference to function template instantiation 'T *Entity::GetComponent<T>(void)' being compiled
          with
          [
              T=TransformComponent
          ]
  Code\Renderer\SkyBox.cpp(244): note: see reference to function template instantiation 'T *IComponent::GetComponent<TransformComponent>(void)' being compiled
          with
          [
              T=TransformComponent
          ]
  DXManager.cpp
Code\System\DXManager.cpp(570): warning C4018: '<': signed/unsigned mismatch
  Framework.cpp
  C:\Program Files (x86)\Windows Kits\10\Include\10.0.15063.0\um\dinput.h: DIRECTINPUT_VERSION undefined. Defaulting to version 0x0800
Code\System\Framework.cpp(35): warning C4244: 'argument': conversion from 'const float' to 'int', possible loss of data
Code\System\Framework.cpp(37): warning C4244: 'argument': conversion from 'const float' to 'int', possible loss of data
Code\System\Framework.cpp(118): warning C4305: 'argument': truncation from 'double' to 'float'
c:\users\nilss\desktop\enginedx11\engine\engine\code\componentsystem\Entity.h(36): warning C4018: '<': signed/unsigned mismatch
  C:\Users\nilss\Desktop\EngineDx11\Engine\Engine\Code\ComponentSystem\IComponent.h(17): note: see reference to function template instantiation 'T *Entity::GetComponent<T>(void)' being compiled
          with
          [
              T=TransformComponent
          ]
  Code\System\Framework.cpp(93): note: see reference to function template instantiation 'T *IComponent::GetComponent<TransformComponent>(void)' being compiled
          with
          [
              T=TransformComponent
          ]
  DebugStats.cpp
c:\users\nilss\desktop\enginedx11\engine\engine\code\componentsystem\Entity.h(36): warning C4018: '<': signed/unsigned mismatch
  C:\Users\nilss\Desktop\EngineDx11\Engine\Engine\Code\ComponentSystem\IComponent.h(17): note: see reference to function template instantiation 'T *Entity::GetComponent<T>(void)' being compiled
          with
          [
              T=TransformComponent
          ]
  Code\Utils\DebugStats.cpp(27): note: see reference to function template instantiation 'T *IComponent::GetComponent<TransformComponent>(void)' being compiled
          with
          [
              T=TransformComponent
          ]
  TexturePool.cpp
Code\Utils\TexturePool.cpp(28): warning C4477: 'printf' : format string '%s' requires an argument of type 'char *', but variadic argument 1 has type 'const std::wstring'
  Time.cpp
Code\Utils\Time.cpp(61): warning C4244: 'initializing': conversion from 'INT64' to 'int', possible loss of data
  Main.cpp
Main.cpp(3): warning C4067: unexpected tokens following preprocessor directive - expected a newline
  Generating code
  2359 of 2359 functions (100.0%) were compiled, the rest were copied from previous compilation.
    2221 functions were new in current compilation
    0 functions had inline decision re-evaluated but remain unchanged
  Finished generating code
  Engine.vcxproj -> C:\Users\nilss\Desktop\EngineDx11\Engine\Engine\Engine.exe
